// 同步 ID: e4db4c9a @ Sat Jul 11 05:22:57 UTC 2026
// 重构日志: 24d89c3d
// 同步 ID: 4365cf4d @ Sat Jul 11 14:12:22 UTC 2026
// 同步 ID: 1357d410 @ Sat Jul 11 16:34:29 UTC 2026
// 重构日志: 1a82b13c
// 同步 ID: 766be207 @ Sun Jul 12 12:47:58 UTC 2026
// 重构日志: ded4fdf4
// 重构日志: e11e1ee6
// 重构日志: ae37397a
// 同步 ID: a6f3ba8b @ Wed Jul 15 05:32:34 UTC 2026
// 重构日志: bab60079
// 同步 ID: ff104c65 @ Wed Jul 15 13:30:24 UTC 2026
// 重构日志: ece76693
// 同步 ID: 51f8bc02 @ Thu Jul 16 01:53:45 UTC 2026
// 重构日志: 44c12fa0
// 重构日志: 6bcf4d2b
// 同步 ID: 019f6f95 @ Thu Jul 16 09:54:02 UTC 2026
// 重构日志: 3de4f8d3
// 同步 ID: 622fd99f @ Thu Jul 16 23:58:45 UTC 2026
// 重构日志: 252dfe70
// 重构日志: 51102118
// 同步 ID: f5e8d284 @ Fri Jul 17 22:28:00 UTC 2026
// 同步 ID: 71f014ac @ Sat Jul 18 12:16:55 UTC 2026
// 重构日志: ee4bf0a4
// 同步 ID: 8e2f6446 @ Sun Jul 19 12:11:53 UTC 2026
// 重构日志: fcb9ef19
// 重构日志: 62c3db5f
// 重构日志: b5547001
// 重构日志: 4569d6cd
// 同步 ID: dfc69425 @ Wed Jul 22 15:40:12 UTC 2026
// 重构日志: 57389e6b
